<?xml version="1.0" encoding="UTF-8"?>
<testsuite name="mancala.BoardTest" tests="2" skipped="0" failures="0" errors="0" timestamp="2023-10-31T20:27:24" hostname="linux-01" time="0.072">
  <properties/>
  <testcase name="testMoveStonesChangesBoardState()" classname="mancala.BoardTest" time="0.069"/>
  <testcase name="testMoveStonesDoesNotThrowException()" classname="mancala.BoardTest" time="0.001"/>
  <system-out><![CDATA[]]></system-out>
  <system-err><![CDATA[]]></system-err>
</testsuite>
